/home/puzzlebot/puzzlebot_ws/src/dmpc_controller/install/dmpc_controller/lib/python3.8/site-packages/dmpc_controller/damn.py
/home/puzzlebot/puzzlebot_ws/src/dmpc_controller/install/dmpc_controller/lib/python3.8/site-packages/dmpc_controller/dmpc_cbf_node.py
/home/puzzlebot/puzzlebot_ws/src/dmpc_controller/install/dmpc_controller/lib/python3.8/site-packages/dmpc_controller/__init__.py
/home/puzzlebot/puzzlebot_ws/src/dmpc_controller/install/dmpc_controller/lib/python3.8/site-packages/dmpc_controller/test.py
/home/puzzlebot/puzzlebot_ws/src/dmpc_controller/install/dmpc_controller/lib/python3.8/site-packages/dmpc_controller/dmpc_node.py
/home/puzzlebot/puzzlebot_ws/src/dmpc_controller/install/dmpc_controller/lib/python3.8/site-packages/dmpc_controller/dmpc_copy_node.py
/home/puzzlebot/puzzlebot_ws/src/dmpc_controller/install/dmpc_controller/lib/python3.8/site-packages/dmpc_controller/dude.py
/home/puzzlebot/puzzlebot_ws/src/dmpc_controller/install/dmpc_controller/lib/python3.8/site-packages/dmpc_controller/__pycache__/damn.cpython-38.pyc
/home/puzzlebot/puzzlebot_ws/src/dmpc_controller/install/dmpc_controller/lib/python3.8/site-packages/dmpc_controller/__pycache__/dmpc_cbf_node.cpython-38.pyc
/home/puzzlebot/puzzlebot_ws/src/dmpc_controller/install/dmpc_controller/lib/python3.8/site-packages/dmpc_controller/__pycache__/__init__.cpython-38.pyc
/home/puzzlebot/puzzlebot_ws/src/dmpc_controller/install/dmpc_controller/lib/python3.8/site-packages/dmpc_controller/__pycache__/test.cpython-38.pyc
/home/puzzlebot/puzzlebot_ws/src/dmpc_controller/install/dmpc_controller/lib/python3.8/site-packages/dmpc_controller/__pycache__/dmpc_node.cpython-38.pyc
/home/puzzlebot/puzzlebot_ws/src/dmpc_controller/install/dmpc_controller/lib/python3.8/site-packages/dmpc_controller/__pycache__/dmpc_copy_node.cpython-38.pyc
/home/puzzlebot/puzzlebot_ws/src/dmpc_controller/install/dmpc_controller/lib/python3.8/site-packages/dmpc_controller/__pycache__/dude.cpython-38.pyc
/home/puzzlebot/puzzlebot_ws/src/dmpc_controller/install/dmpc_controller/share/ament_index/resource_index/packages/dmpc_controller
/home/puzzlebot/puzzlebot_ws/src/dmpc_controller/install/dmpc_controller/share/dmpc_controller/package.xml
/home/puzzlebot/puzzlebot_ws/src/dmpc_controller/install/dmpc_controller/share/dmpc_controller/launch/puzzlebot3.launch.py
/home/puzzlebot/puzzlebot_ws/src/dmpc_controller/install/dmpc_controller/share/dmpc_controller/launch/puzzlebot2.launch.py
/home/puzzlebot/puzzlebot_ws/src/dmpc_controller/install/dmpc_controller/share/dmpc_controller/launch/puzzlebot1.launch.py
/home/puzzlebot/puzzlebot_ws/src/dmpc_controller/install/dmpc_controller/share/dmpc_controller/launch/puzzlebot4.launch.py
/home/puzzlebot/puzzlebot_ws/src/dmpc_controller/install/dmpc_controller/lib/python3.8/site-packages/dmpc_controller-0.0.0-py3.8.egg-info/top_level.txt
/home/puzzlebot/puzzlebot_ws/src/dmpc_controller/install/dmpc_controller/lib/python3.8/site-packages/dmpc_controller-0.0.0-py3.8.egg-info/requires.txt
/home/puzzlebot/puzzlebot_ws/src/dmpc_controller/install/dmpc_controller/lib/python3.8/site-packages/dmpc_controller-0.0.0-py3.8.egg-info/PKG-INFO
/home/puzzlebot/puzzlebot_ws/src/dmpc_controller/install/dmpc_controller/lib/python3.8/site-packages/dmpc_controller-0.0.0-py3.8.egg-info/entry_points.txt
/home/puzzlebot/puzzlebot_ws/src/dmpc_controller/install/dmpc_controller/lib/python3.8/site-packages/dmpc_controller-0.0.0-py3.8.egg-info/zip-safe
/home/puzzlebot/puzzlebot_ws/src/dmpc_controller/install/dmpc_controller/lib/python3.8/site-packages/dmpc_controller-0.0.0-py3.8.egg-info/SOURCES.txt
/home/puzzlebot/puzzlebot_ws/src/dmpc_controller/install/dmpc_controller/lib/python3.8/site-packages/dmpc_controller-0.0.0-py3.8.egg-info/dependency_links.txt
/home/puzzlebot/puzzlebot_ws/src/dmpc_controller/install/dmpc_controller/lib/dmpc_controller/damn
/home/puzzlebot/puzzlebot_ws/src/dmpc_controller/install/dmpc_controller/lib/dmpc_controller/dmpc_cbf_node
/home/puzzlebot/puzzlebot_ws/src/dmpc_controller/install/dmpc_controller/lib/dmpc_controller/dmpc_copy_node
/home/puzzlebot/puzzlebot_ws/src/dmpc_controller/install/dmpc_controller/lib/dmpc_controller/dmpc_node
/home/puzzlebot/puzzlebot_ws/src/dmpc_controller/install/dmpc_controller/lib/dmpc_controller/dude
/home/puzzlebot/puzzlebot_ws/src/dmpc_controller/install/dmpc_controller/lib/dmpc_controller/test
